2025-01-05 11:17:14,805 - INFO - Using 16 workers for hyperparameter tuning
2025-01-05 11:17:14,902 - INFO - Total tasks to complete: 180
2025-01-05 11:17:34,356 - INFO - Task 1/180 completed with: n_estimators=10, max_depth=3, min_samples_split=2, min_samples_leaf=2, train_acc=0.7900, val_acc=0.7250, start_time=2025-01-05 11:17:15, end_time=2025-01-05 11:17:34, training_time=19.16s
2025-01-05 11:17:34,384 - INFO - Task 2/180 completed with: n_estimators=10, max_depth=3, min_samples_split=10, min_samples_leaf=2, train_acc=0.7900, val_acc=0.7250, start_time=2025-01-05 11:17:15, end_time=2025-01-05 11:17:34, training_time=19.18s
2025-01-05 11:17:34,471 - INFO - Task 3/180 completed with: n_estimators=10, max_depth=3, min_samples_split=10, min_samples_leaf=4, train_acc=0.7900, val_acc=0.7250, start_time=2025-01-05 11:17:15, end_time=2025-01-05 11:17:34, training_time=19.26s
2025-01-05 11:17:34,756 - INFO - Task 4/180 completed with: n_estimators=10, max_depth=3, min_samples_split=2, min_samples_leaf=1, train_acc=0.7900, val_acc=0.7250, start_time=2025-01-05 11:17:15, end_time=2025-01-05 11:17:34, training_time=19.56s
2025-01-05 11:17:34,793 - INFO - Task 5/180 completed with: n_estimators=10, max_depth=3, min_samples_split=2, min_samples_leaf=4, train_acc=0.7900, val_acc=0.7250, start_time=2025-01-05 11:17:15, end_time=2025-01-05 11:17:34, training_time=19.56s
2025-01-05 11:17:34,915 - INFO - Task 6/180 completed with: n_estimators=10, max_depth=3, min_samples_split=10, min_samples_leaf=1, train_acc=0.7900, val_acc=0.7250, start_time=2025-01-05 11:17:15, end_time=2025-01-05 11:17:34, training_time=19.64s
2025-01-05 11:17:35,005 - INFO - Task 7/180 completed with: n_estimators=10, max_depth=3, min_samples_split=5, min_samples_leaf=2, train_acc=0.7900, val_acc=0.7250, start_time=2025-01-05 11:17:15, end_time=2025-01-05 11:17:34, training_time=19.79s
2025-01-05 11:17:35,011 - INFO - Task 8/180 completed with: n_estimators=10, max_depth=3, min_samples_split=5, min_samples_leaf=4, train_acc=0.7900, val_acc=0.7250, start_time=2025-01-05 11:17:15, end_time=2025-01-05 11:17:34, training_time=19.81s
2025-01-05 11:17:35,224 - INFO - Task 9/180 completed with: n_estimators=10, max_depth=3, min_samples_split=5, min_samples_leaf=1, train_acc=0.7900, val_acc=0.7250, start_time=2025-01-05 11:17:15, end_time=2025-01-05 11:17:35, training_time=19.99s
2025-01-05 11:17:46,045 - INFO - Task 10/180 completed with: n_estimators=10, max_depth=5, min_samples_split=5, min_samples_leaf=2, train_acc=0.8919, val_acc=0.8200, start_time=2025-01-05 11:17:15, end_time=2025-01-05 11:17:46, training_time=30.75s
2025-01-05 11:17:46,467 - INFO - Task 11/180 completed with: n_estimators=10, max_depth=5, min_samples_split=5, min_samples_leaf=1, train_acc=0.8931, val_acc=0.8200, start_time=2025-01-05 11:17:15, end_time=2025-01-05 11:17:46, training_time=31.14s
2025-01-05 11:17:46,473 - INFO - Task 12/180 completed with: n_estimators=10, max_depth=5, min_samples_split=10, min_samples_leaf=1, train_acc=0.8925, val_acc=0.8200, start_time=2025-01-05 11:17:15, end_time=2025-01-05 11:17:46, training_time=31.20s
2025-01-05 11:17:46,549 - INFO - Task 13/180 completed with: n_estimators=10, max_depth=5, min_samples_split=5, min_samples_leaf=4, train_acc=0.8912, val_acc=0.8200, start_time=2025-01-05 11:17:15, end_time=2025-01-05 11:17:46, training_time=31.14s
2025-01-05 11:17:46,645 - INFO - Task 14/180 completed with: n_estimators=10, max_depth=5, min_samples_split=2, min_samples_leaf=1, train_acc=0.8931, val_acc=0.8200, start_time=2025-01-05 11:17:15, end_time=2025-01-05 11:17:46, training_time=31.37s
2025-01-05 11:17:46,841 - INFO - Task 15/180 completed with: n_estimators=10, max_depth=5, min_samples_split=2, min_samples_leaf=2, train_acc=0.8919, val_acc=0.8200, start_time=2025-01-05 11:17:15, end_time=2025-01-05 11:17:46, training_time=31.52s
2025-01-05 11:17:46,845 - INFO - Task 16/180 completed with: n_estimators=10, max_depth=5, min_samples_split=2, min_samples_leaf=4, train_acc=0.8912, val_acc=0.8200, start_time=2025-01-05 11:17:15, end_time=2025-01-05 11:17:46, training_time=31.52s
2025-01-05 11:18:05,390 - INFO - Task 17/180 completed with: n_estimators=10, max_depth=5, min_samples_split=10, min_samples_leaf=4, train_acc=0.8912, val_acc=0.8200, start_time=2025-01-05 11:17:34, end_time=2025-01-05 11:18:05, training_time=30.97s
2025-01-05 11:18:05,892 - INFO - Task 18/180 completed with: n_estimators=10, max_depth=5, min_samples_split=10, min_samples_leaf=2, train_acc=0.8912, val_acc=0.8200, start_time=2025-01-05 11:17:34, end_time=2025-01-05 11:18:05, training_time=31.50s
2025-01-05 11:18:14,963 - INFO - Task 19/180 completed with: n_estimators=10, max_depth=7, min_samples_split=2, min_samples_leaf=4, train_acc=0.9506, val_acc=0.8775, start_time=2025-01-05 11:17:34, end_time=2025-01-05 11:18:14, training_time=40.14s
2025-01-05 11:18:15,026 - INFO - Task 20/180 completed with: n_estimators=10, max_depth=7, min_samples_split=5, min_samples_leaf=4, train_acc=0.9506, val_acc=0.8775, start_time=2025-01-05 11:17:35, end_time=2025-01-05 11:18:14, training_time=39.98s
2025-01-05 11:18:15,341 - INFO - Task 21/180 completed with: n_estimators=10, max_depth=7, min_samples_split=2, min_samples_leaf=2, train_acc=0.9600, val_acc=0.8725, start_time=2025-01-05 11:17:34, end_time=2025-01-05 11:18:15, training_time=40.54s
2025-01-05 11:18:15,404 - INFO - Task 22/180 completed with: n_estimators=10, max_depth=7, min_samples_split=2, min_samples_leaf=1, train_acc=0.9675, val_acc=0.8650, start_time=2025-01-05 11:17:34, end_time=2025-01-05 11:18:15, training_time=40.90s
2025-01-05 11:18:16,141 - INFO - Task 23/180 completed with: n_estimators=10, max_depth=7, min_samples_split=10, min_samples_leaf=1, train_acc=0.9650, val_acc=0.8750, start_time=2025-01-05 11:17:35, end_time=2025-01-05 11:18:16, training_time=40.87s
2025-01-05 11:18:16,455 - INFO - Task 24/180 completed with: n_estimators=10, max_depth=7, min_samples_split=5, min_samples_leaf=1, train_acc=0.9669, val_acc=0.8650, start_time=2025-01-05 11:17:34, end_time=2025-01-05 11:18:16, training_time=41.50s
2025-01-05 11:18:16,502 - INFO - Task 25/180 completed with: n_estimators=10, max_depth=7, min_samples_split=5, min_samples_leaf=2, train_acc=0.9600, val_acc=0.8725, start_time=2025-01-05 11:17:35, end_time=2025-01-05 11:18:16, training_time=41.46s
2025-01-05 11:18:26,038 - INFO - Task 26/180 completed with: n_estimators=10, max_depth=7, min_samples_split=10, min_samples_leaf=4, train_acc=0.9500, val_acc=0.8775, start_time=2025-01-05 11:17:46, end_time=2025-01-05 11:18:25, training_time=39.53s
2025-01-05 11:18:26,579 - INFO - Task 27/180 completed with: n_estimators=10, max_depth=7, min_samples_split=10, min_samples_leaf=2, train_acc=0.9594, val_acc=0.8775, start_time=2025-01-05 11:17:46, end_time=2025-01-05 11:18:26, training_time=40.49s
2025-01-05 11:18:29,246 - INFO - Task 28/180 completed with: n_estimators=10, max_depth=None, min_samples_split=2, min_samples_leaf=4, train_acc=0.9575, val_acc=0.8825, start_time=2025-01-05 11:17:46, end_time=2025-01-05 11:18:29, training_time=42.56s
2025-01-05 11:18:33,169 - INFO - Task 29/180 completed with: n_estimators=10, max_depth=None, min_samples_split=5, min_samples_leaf=2, train_acc=0.9731, val_acc=0.8700, start_time=2025-01-05 11:17:46, end_time=2025-01-05 11:18:33, training_time=46.29s
2025-01-05 11:18:33,830 - INFO - Task 30/180 completed with: n_estimators=10, max_depth=None, min_samples_split=2, min_samples_leaf=2, train_acc=0.9731, val_acc=0.8700, start_time=2025-01-05 11:17:46, end_time=2025-01-05 11:18:33, training_time=47.24s
2025-01-05 11:18:36,063 - INFO - Task 31/180 completed with: n_estimators=10, max_depth=None, min_samples_split=2, min_samples_leaf=1, train_acc=0.9969, val_acc=0.8675, start_time=2025-01-05 11:17:46, end_time=2025-01-05 11:18:36, training_time=49.55s
2025-01-05 11:18:36,161 - INFO - Task 32/180 completed with: n_estimators=10, max_depth=None, min_samples_split=5, min_samples_leaf=1, train_acc=0.9925, val_acc=0.8750, start_time=2025-01-05 11:17:46, end_time=2025-01-05 11:18:36, training_time=49.27s
2025-01-05 11:18:47,890 - INFO - Task 33/180 completed with: n_estimators=10, max_depth=None, min_samples_split=5, min_samples_leaf=4, train_acc=0.9575, val_acc=0.8825, start_time=2025-01-05 11:18:05, end_time=2025-01-05 11:18:47, training_time=42.46s
2025-01-05 11:18:54,407 - INFO - Task 34/180 completed with: n_estimators=10, max_depth=None, min_samples_split=10, min_samples_leaf=1, train_acc=0.9838, val_acc=0.8725, start_time=2025-01-05 11:18:05, end_time=2025-01-05 11:18:54, training_time=48.47s
2025-01-05 11:18:54,921 - INFO - Task 35/180 completed with: n_estimators=20, max_depth=3, min_samples_split=2, min_samples_leaf=1, train_acc=0.7794, val_acc=0.7425, start_time=2025-01-05 11:18:15, end_time=2025-01-05 11:18:54, training_time=39.53s
2025-01-05 11:18:55,506 - INFO - Task 36/180 completed with: n_estimators=20, max_depth=3, min_samples_split=2, min_samples_leaf=2, train_acc=0.7794, val_acc=0.7425, start_time=2025-01-05 11:18:15, end_time=2025-01-05 11:18:55, training_time=40.06s
2025-01-05 11:18:55,778 - INFO - Task 37/180 completed with: n_estimators=20, max_depth=3, min_samples_split=5, min_samples_leaf=2, train_acc=0.7794, val_acc=0.7425, start_time=2025-01-05 11:18:16, end_time=2025-01-05 11:18:55, training_time=39.23s
2025-01-05 11:18:56,145 - INFO - Task 38/180 completed with: n_estimators=20, max_depth=3, min_samples_split=2, min_samples_leaf=4, train_acc=0.7794, val_acc=0.7425, start_time=2025-01-05 11:18:16, end_time=2025-01-05 11:18:56, training_time=39.96s
2025-01-05 11:18:56,181 - INFO - Task 39/180 completed with: n_estimators=20, max_depth=3, min_samples_split=5, min_samples_leaf=1, train_acc=0.7794, val_acc=0.7425, start_time=2025-01-05 11:18:16, end_time=2025-01-05 11:18:56, training_time=39.68s
2025-01-05 11:18:57,472 - INFO - Task 40/180 completed with: n_estimators=10, max_depth=None, min_samples_split=10, min_samples_leaf=4, train_acc=0.9569, val_acc=0.8825, start_time=2025-01-05 11:18:15, end_time=2025-01-05 11:18:57, training_time=42.40s
2025-01-05 11:19:02,454 - INFO - Task 41/180 completed with: n_estimators=10, max_depth=None, min_samples_split=10, min_samples_leaf=2, train_acc=0.9681, val_acc=0.8725, start_time=2025-01-05 11:18:14, end_time=2025-01-05 11:19:02, training_time=47.45s
2025-01-05 11:19:06,473 - INFO - Task 42/180 completed with: n_estimators=20, max_depth=3, min_samples_split=5, min_samples_leaf=4, train_acc=0.7794, val_acc=0.7425, start_time=2025-01-05 11:18:26, end_time=2025-01-05 11:19:06, training_time=40.39s
2025-01-05 11:19:06,881 - INFO - Task 43/180 completed with: n_estimators=20, max_depth=3, min_samples_split=10, min_samples_leaf=1, train_acc=0.7794, val_acc=0.7425, start_time=2025-01-05 11:18:26, end_time=2025-01-05 11:19:06, training_time=40.26s
2025-01-05 11:19:09,713 - INFO - Task 44/180 completed with: n_estimators=20, max_depth=3, min_samples_split=10, min_samples_leaf=2, train_acc=0.7794, val_acc=0.7425, start_time=2025-01-05 11:18:29, end_time=2025-01-05 11:19:09, training_time=40.42s
2025-01-05 11:19:13,101 - INFO - Task 45/180 completed with: n_estimators=20, max_depth=3, min_samples_split=10, min_samples_leaf=4, train_acc=0.7794, val_acc=0.7425, start_time=2025-01-05 11:18:33, end_time=2025-01-05 11:19:13, training_time=39.89s
2025-01-05 11:19:38,858 - INFO - Task 46/180 completed with: n_estimators=20, max_depth=5, min_samples_split=2, min_samples_leaf=1, train_acc=0.9031, val_acc=0.8300, start_time=2025-01-05 11:18:33, end_time=2025-01-05 11:19:38, training_time=64.97s
2025-01-05 11:19:40,718 - INFO - Task 47/180 completed with: n_estimators=20, max_depth=5, min_samples_split=2, min_samples_leaf=2, train_acc=0.9019, val_acc=0.8275, start_time=2025-01-05 11:18:36, end_time=2025-01-05 11:19:40, training_time=64.60s
2025-01-05 11:19:41,504 - INFO - Task 48/180 completed with: n_estimators=20, max_depth=5, min_samples_split=2, min_samples_leaf=4, train_acc=0.9012, val_acc=0.8300, start_time=2025-01-05 11:18:36, end_time=2025-01-05 11:19:41, training_time=65.28s
2025-01-05 11:19:53,528 - INFO - Task 49/180 completed with: n_estimators=20, max_depth=5, min_samples_split=5, min_samples_leaf=1, train_acc=0.9031, val_acc=0.8300, start_time=2025-01-05 11:18:47, end_time=2025-01-05 11:19:53, training_time=65.58s
2025-01-05 11:19:58,923 - INFO - Task 50/180 completed with: n_estimators=20, max_depth=5, min_samples_split=5, min_samples_leaf=2, train_acc=0.9019, val_acc=0.8275, start_time=2025-01-05 11:18:54, end_time=2025-01-05 11:19:58, training_time=64.46s
2025-01-05 11:19:59,162 - INFO - Task 51/180 completed with: n_estimators=20, max_depth=5, min_samples_split=5, min_samples_leaf=4, train_acc=0.9012, val_acc=0.8300, start_time=2025-01-05 11:18:54, end_time=2025-01-05 11:19:59, training_time=64.18s
2025-01-05 11:20:00,720 - INFO - Task 52/180 completed with: n_estimators=20, max_depth=5, min_samples_split=10, min_samples_leaf=1, train_acc=0.9031, val_acc=0.8300, start_time=2025-01-05 11:18:55, end_time=2025-01-05 11:20:00, training_time=65.16s
2025-01-05 11:20:00,995 - INFO - Task 53/180 completed with: n_estimators=20, max_depth=5, min_samples_split=10, min_samples_leaf=4, train_acc=0.9012, val_acc=0.8300, start_time=2025-01-05 11:18:56, end_time=2025-01-05 11:20:00, training_time=64.79s
2025-01-05 11:20:01,255 - INFO - Task 54/180 completed with: n_estimators=20, max_depth=5, min_samples_split=10, min_samples_leaf=2, train_acc=0.9025, val_acc=0.8275, start_time=2025-01-05 11:18:55, end_time=2025-01-05 11:20:01, training_time=65.42s
2025-01-05 11:20:20,794 - INFO - Task 55/180 completed with: n_estimators=20, max_depth=7, min_samples_split=2, min_samples_leaf=1, train_acc=0.9712, val_acc=0.8825, start_time=2025-01-05 11:18:56, end_time=2025-01-05 11:20:20, training_time=84.54s
2025-01-05 11:20:22,322 - INFO - Task 56/180 completed with: n_estimators=20, max_depth=7, min_samples_split=2, min_samples_leaf=2, train_acc=0.9656, val_acc=0.8950, start_time=2025-01-05 11:18:57, end_time=2025-01-05 11:20:22, training_time=84.77s
2025-01-05 11:20:23,723 - INFO - Task 57/180 completed with: n_estimators=20, max_depth=7, min_samples_split=2, min_samples_leaf=4, train_acc=0.9556, val_acc=0.8875, start_time=2025-01-05 11:19:02, end_time=2025-01-05 11:20:23, training_time=81.21s
2025-01-05 11:20:30,333 - INFO - Task 58/180 completed with: n_estimators=20, max_depth=7, min_samples_split=5, min_samples_leaf=2, train_acc=0.9656, val_acc=0.8950, start_time=2025-01-05 11:19:06, end_time=2025-01-05 11:20:30, training_time=83.38s
2025-01-05 11:20:30,965 - INFO - Task 59/180 completed with: n_estimators=20, max_depth=7, min_samples_split=5, min_samples_leaf=1, train_acc=0.9706, val_acc=0.8825, start_time=2025-01-05 11:19:06, end_time=2025-01-05 11:20:30, training_time=84.42s
2025-01-05 11:20:30,984 - INFO - Task 60/180 completed with: n_estimators=20, max_depth=7, min_samples_split=5, min_samples_leaf=4, train_acc=0.9556, val_acc=0.8875, start_time=2025-01-05 11:19:09, end_time=2025-01-05 11:20:30, training_time=81.20s
2025-01-05 11:20:37,334 - INFO - Task 61/180 completed with: n_estimators=20, max_depth=7, min_samples_split=10, min_samples_leaf=1, train_acc=0.9706, val_acc=0.8725, start_time=2025-01-05 11:19:13, end_time=2025-01-05 11:20:37, training_time=84.16s
2025-01-05 11:21:01,376 - INFO - Task 62/180 completed with: n_estimators=20, max_depth=7, min_samples_split=10, min_samples_leaf=4, train_acc=0.9556, val_acc=0.8850, start_time=2025-01-05 11:19:40, end_time=2025-01-05 11:21:01, training_time=80.59s
2025-01-05 11:21:02,461 - INFO - Task 63/180 completed with: n_estimators=20, max_depth=7, min_samples_split=10, min_samples_leaf=2, train_acc=0.9656, val_acc=0.8850, start_time=2025-01-05 11:19:38, end_time=2025-01-05 11:21:02, training_time=83.53s
2025-01-05 11:21:21,881 - INFO - Task 64/180 completed with: n_estimators=20, max_depth=None, min_samples_split=2, min_samples_leaf=1, train_acc=0.9994, val_acc=0.8750, start_time=2025-01-05 11:19:41, end_time=2025-01-05 11:21:21, training_time=100.29s
2025-01-05 11:21:24,070 - INFO - Task 65/180 completed with: n_estimators=20, max_depth=None, min_samples_split=2, min_samples_leaf=4, train_acc=0.9663, val_acc=0.8850, start_time=2025-01-05 11:19:58, end_time=2025-01-05 11:21:23, training_time=85.07s
2025-01-05 11:21:24,365 - INFO - Task 66/180 completed with: n_estimators=30, max_depth=3, min_samples_split=2, min_samples_leaf=1, train_acc=0.7781, val_acc=0.7350, start_time=2025-01-05 11:20:23, end_time=2025-01-05 11:21:24, training_time=60.57s
2025-01-05 11:21:26,649 - INFO - Task 67/180 completed with: n_estimators=20, max_depth=None, min_samples_split=5, min_samples_leaf=4, train_acc=0.9663, val_acc=0.8850, start_time=2025-01-05 11:20:00, end_time=2025-01-05 11:21:26, training_time=85.58s
2025-01-05 11:21:27,992 - INFO - Task 68/180 completed with: n_estimators=20, max_depth=None, min_samples_split=2, min_samples_leaf=2, train_acc=0.9819, val_acc=0.8825, start_time=2025-01-05 11:19:53, end_time=2025-01-05 11:21:27, training_time=94.41s
2025-01-05 11:21:30,256 - INFO - Task 69/180 completed with: n_estimators=30, max_depth=3, min_samples_split=2, min_samples_leaf=2, train_acc=0.7781, val_acc=0.7350, start_time=2025-01-05 11:20:30, end_time=2025-01-05 11:21:30, training_time=59.86s
2025-01-05 11:21:30,628 - INFO - Task 70/180 completed with: n_estimators=30, max_depth=3, min_samples_split=2, min_samples_leaf=4, train_acc=0.7781, val_acc=0.7350, start_time=2025-01-05 11:20:30, end_time=2025-01-05 11:21:30, training_time=59.60s
2025-01-05 11:21:31,855 - INFO - Task 71/180 completed with: n_estimators=30, max_depth=3, min_samples_split=5, min_samples_leaf=1, train_acc=0.7781, val_acc=0.7350, start_time=2025-01-05 11:20:30, end_time=2025-01-05 11:21:31, training_time=60.81s
2025-01-05 11:21:35,583 - INFO - Task 72/180 completed with: n_estimators=20, max_depth=None, min_samples_split=5, min_samples_leaf=2, train_acc=0.9819, val_acc=0.8825, start_time=2025-01-05 11:20:00, end_time=2025-01-05 11:21:35, training_time=94.79s
2025-01-05 11:21:37,849 - INFO - Task 73/180 completed with: n_estimators=30, max_depth=3, min_samples_split=5, min_samples_leaf=2, train_acc=0.7781, val_acc=0.7350, start_time=2025-01-05 11:20:37, end_time=2025-01-05 11:21:37, training_time=60.45s
2025-01-05 11:21:39,282 - INFO - Task 74/180 completed with: n_estimators=20, max_depth=None, min_samples_split=5, min_samples_leaf=1, train_acc=0.9975, val_acc=0.8700, start_time=2025-01-05 11:19:59, end_time=2025-01-05 11:21:39, training_time=100.06s
2025-01-05 11:21:39,741 - INFO - Task 75/180 completed with: n_estimators=20, max_depth=None, min_samples_split=10, min_samples_leaf=1, train_acc=0.9900, val_acc=0.8650, start_time=2025-01-05 11:20:01, end_time=2025-01-05 11:21:39, training_time=98.41s
2025-01-05 11:21:47,707 - INFO - Task 76/180 completed with: n_estimators=20, max_depth=None, min_samples_split=10, min_samples_leaf=4, train_acc=0.9656, val_acc=0.8800, start_time=2025-01-05 11:20:22, end_time=2025-01-05 11:21:47, training_time=85.32s
2025-01-05 11:21:57,427 - INFO - Task 77/180 completed with: n_estimators=20, max_depth=None, min_samples_split=10, min_samples_leaf=2, train_acc=0.9788, val_acc=0.8750, start_time=2025-01-05 11:20:20, end_time=2025-01-05 11:21:57, training_time=96.38s
2025-01-05 11:22:10,190 - INFO - Task 78/180 completed with: n_estimators=30, max_depth=3, min_samples_split=5, min_samples_leaf=4, train_acc=0.7781, val_acc=0.7350, start_time=2025-01-05 11:21:01, end_time=2025-01-05 11:22:10, training_time=68.75s
2025-01-05 11:22:11,283 - INFO - Task 79/180 completed with: n_estimators=30, max_depth=3, min_samples_split=10, min_samples_leaf=1, train_acc=0.7781, val_acc=0.7350, start_time=2025-01-05 11:21:02, end_time=2025-01-05 11:22:11, training_time=68.75s
2025-01-05 11:22:30,895 - INFO - Task 80/180 completed with: n_estimators=30, max_depth=3, min_samples_split=10, min_samples_leaf=2, train_acc=0.7781, val_acc=0.7350, start_time=2025-01-05 11:21:21, end_time=2025-01-05 11:22:30, training_time=68.95s
2025-01-05 11:22:33,259 - INFO - Task 81/180 completed with: n_estimators=30, max_depth=3, min_samples_split=10, min_samples_leaf=4, train_acc=0.7781, val_acc=0.7350, start_time=2025-01-05 11:21:24, end_time=2025-01-05 11:22:33, training_time=69.12s
2025-01-05 11:23:10,232 - INFO - Task 82/180 completed with: n_estimators=30, max_depth=5, min_samples_split=2, min_samples_leaf=1, train_acc=0.9081, val_acc=0.8225, start_time=2025-01-05 11:21:24, end_time=2025-01-05 11:23:10, training_time=105.78s
2025-01-05 11:23:11,975 - INFO - Task 83/180 completed with: n_estimators=30, max_depth=5, min_samples_split=2, min_samples_leaf=2, train_acc=0.9069, val_acc=0.8250, start_time=2025-01-05 11:21:26, end_time=2025-01-05 11:23:11, training_time=105.23s
2025-01-05 11:23:13,327 - INFO - Task 84/180 completed with: n_estimators=30, max_depth=5, min_samples_split=2, min_samples_leaf=4, train_acc=0.9062, val_acc=0.8300, start_time=2025-01-05 11:21:27, end_time=2025-01-05 11:23:13, training_time=105.25s
2025-01-05 11:23:14,571 - INFO - Task 85/180 completed with: n_estimators=30, max_depth=5, min_samples_split=5, min_samples_leaf=1, train_acc=0.9081, val_acc=0.8250, start_time=2025-01-05 11:21:30, end_time=2025-01-05 11:23:14, training_time=104.23s
2025-01-05 11:23:14,843 - INFO - Task 86/180 completed with: n_estimators=30, max_depth=5, min_samples_split=5, min_samples_leaf=2, train_acc=0.9069, val_acc=0.8250, start_time=2025-01-05 11:21:30, end_time=2025-01-05 11:23:14, training_time=104.14s
2025-01-05 11:23:16,606 - INFO - Task 87/180 completed with: n_estimators=30, max_depth=5, min_samples_split=5, min_samples_leaf=4, train_acc=0.9062, val_acc=0.8300, start_time=2025-01-05 11:21:31, end_time=2025-01-05 11:23:16, training_time=104.68s
2025-01-05 11:23:20,351 - INFO - Task 88/180 completed with: n_estimators=30, max_depth=5, min_samples_split=10, min_samples_leaf=1, train_acc=0.9075, val_acc=0.8250, start_time=2025-01-05 11:21:35, end_time=2025-01-05 11:23:20, training_time=104.69s
2025-01-05 11:23:21,949 - INFO - Task 89/180 completed with: n_estimators=30, max_depth=5, min_samples_split=10, min_samples_leaf=2, train_acc=0.9069, val_acc=0.8250, start_time=2025-01-05 11:21:37, end_time=2025-01-05 11:23:21, training_time=104.01s
2025-01-05 11:23:24,275 - INFO - Task 90/180 completed with: n_estimators=30, max_depth=5, min_samples_split=10, min_samples_leaf=4, train_acc=0.9062, val_acc=0.8300, start_time=2025-01-05 11:21:39, end_time=2025-01-05 11:23:24, training_time=104.90s
2025-01-05 11:23:55,622 - INFO - Task 91/180 completed with: n_estimators=30, max_depth=7, min_samples_split=2, min_samples_leaf=1, train_acc=0.9775, val_acc=0.8775, start_time=2025-01-05 11:21:39, end_time=2025-01-05 11:23:55, training_time=135.76s
2025-01-05 11:24:01,928 - INFO - Task 92/180 completed with: n_estimators=30, max_depth=7, min_samples_split=2, min_samples_leaf=2, train_acc=0.9719, val_acc=0.8800, start_time=2025-01-05 11:21:47, end_time=2025-01-05 11:24:01, training_time=134.10s
2025-01-05 11:24:05,267 - INFO - Task 93/180 completed with: n_estimators=30, max_depth=7, min_samples_split=2, min_samples_leaf=4, train_acc=0.9600, val_acc=0.8800, start_time=2025-01-05 11:21:57, end_time=2025-01-05 11:24:05, training_time=127.74s
2025-01-05 11:24:17,757 - INFO - Task 94/180 completed with: n_estimators=30, max_depth=7, min_samples_split=5, min_samples_leaf=1, train_acc=0.9756, val_acc=0.8775, start_time=2025-01-05 11:22:10, end_time=2025-01-05 11:24:17, training_time=127.45s
2025-01-05 11:24:18,410 - INFO - Task 95/180 completed with: n_estimators=30, max_depth=7, min_samples_split=5, min_samples_leaf=2, train_acc=0.9712, val_acc=0.8800, start_time=2025-01-05 11:22:11, end_time=2025-01-05 11:24:18, training_time=127.02s
2025-01-05 11:24:33,251 - INFO - Task 96/180 completed with: n_estimators=30, max_depth=7, min_samples_split=5, min_samples_leaf=4, train_acc=0.9600, val_acc=0.8800, start_time=2025-01-05 11:22:30, end_time=2025-01-05 11:24:33, training_time=122.26s
2025-01-05 11:24:40,901 - INFO - Task 97/180 completed with: n_estimators=30, max_depth=7, min_samples_split=10, min_samples_leaf=1, train_acc=0.9731, val_acc=0.8725, start_time=2025-01-05 11:22:33, end_time=2025-01-05 11:24:40, training_time=127.54s
2025-01-05 11:25:42,858 - INFO - Task 98/180 completed with: n_estimators=30, max_depth=7, min_samples_split=10, min_samples_leaf=4, train_acc=0.9594, val_acc=0.8800, start_time=2025-01-05 11:23:11, end_time=2025-01-05 11:25:42, training_time=150.79s
2025-01-05 11:25:45,336 - INFO - Task 99/180 completed with: n_estimators=30, max_depth=7, min_samples_split=10, min_samples_leaf=2, train_acc=0.9688, val_acc=0.8725, start_time=2025-01-05 11:23:10, end_time=2025-01-05 11:25:45, training_time=155.02s
2025-01-05 11:25:54,376 - INFO - Task 100/180 completed with: n_estimators=40, max_depth=3, min_samples_split=2, min_samples_leaf=1, train_acc=0.7769, val_acc=0.7275, start_time=2025-01-05 11:24:05, end_time=2025-01-05 11:25:54, training_time=109.04s
2025-01-05 11:25:55,356 - INFO - Task 101/180 completed with: n_estimators=30, max_depth=None, min_samples_split=2, min_samples_leaf=4, train_acc=0.9675, val_acc=0.8850, start_time=2025-01-05 11:23:14, end_time=2025-01-05 11:25:55, training_time=160.42s
2025-01-05 11:26:01,712 - INFO - Task 102/180 completed with: n_estimators=30, max_depth=None, min_samples_split=5, min_samples_leaf=4, train_acc=0.9675, val_acc=0.8850, start_time=2025-01-05 11:23:21, end_time=2025-01-05 11:26:01, training_time=159.67s
2025-01-05 11:26:08,696 - INFO - Task 103/180 completed with: n_estimators=30, max_depth=None, min_samples_split=2, min_samples_leaf=2, train_acc=0.9912, val_acc=0.8850, start_time=2025-01-05 11:23:14, end_time=2025-01-05 11:26:08, training_time=173.91s
2025-01-05 11:26:11,202 - INFO - Task 104/180 completed with: n_estimators=40, max_depth=3, min_samples_split=2, min_samples_leaf=2, train_acc=0.7769, val_acc=0.7275, start_time=2025-01-05 11:24:17, end_time=2025-01-05 11:26:10, training_time=113.20s
2025-01-05 11:26:13,650 - INFO - Task 105/180 completed with: n_estimators=40, max_depth=3, min_samples_split=2, min_samples_leaf=4, train_acc=0.7769, val_acc=0.7275, start_time=2025-01-05 11:24:18, end_time=2025-01-05 11:26:13, training_time=114.93s
2025-01-05 11:26:27,494 - INFO - Task 106/180 completed with: n_estimators=30, max_depth=None, min_samples_split=2, min_samples_leaf=1, train_acc=1.0000, val_acc=0.8725, start_time=2025-01-05 11:23:13, end_time=2025-01-05 11:26:27, training_time=193.84s
2025-01-05 11:26:30,411 - INFO - Task 107/180 completed with: n_estimators=30, max_depth=None, min_samples_split=5, min_samples_leaf=2, train_acc=0.9906, val_acc=0.8850, start_time=2025-01-05 11:23:20, end_time=2025-01-05 11:26:30, training_time=189.95s
2025-01-05 11:26:34,155 - INFO - Task 108/180 completed with: n_estimators=30, max_depth=None, min_samples_split=5, min_samples_leaf=1, train_acc=0.9994, val_acc=0.8750, start_time=2025-01-05 11:23:16, end_time=2025-01-05 11:26:34, training_time=197.44s
2025-01-05 11:26:37,863 - INFO - Task 109/180 completed with: n_estimators=40, max_depth=3, min_samples_split=5, min_samples_leaf=1, train_acc=0.7769, val_acc=0.7275, start_time=2025-01-05 11:24:33, end_time=2025-01-05 11:26:37, training_time=124.54s
2025-01-05 11:26:39,112 - INFO - Task 110/180 completed with: n_estimators=30, max_depth=None, min_samples_split=10, min_samples_leaf=1, train_acc=0.9938, val_acc=0.8750, start_time=2025-01-05 11:23:24, end_time=2025-01-05 11:26:39, training_time=194.73s
2025-01-05 11:26:45,022 - INFO - Task 111/180 completed with: n_estimators=40, max_depth=3, min_samples_split=5, min_samples_leaf=2, train_acc=0.7769, val_acc=0.7275, start_time=2025-01-05 11:24:40, end_time=2025-01-05 11:26:44, training_time=124.03s
2025-01-05 11:27:16,171 - INFO - Task 112/180 completed with: n_estimators=30, max_depth=None, min_samples_split=10, min_samples_leaf=4, train_acc=0.9681, val_acc=0.8850, start_time=2025-01-05 11:24:01, end_time=2025-01-05 11:27:16, training_time=194.15s
2025-01-05 11:27:22,833 - INFO - Task 113/180 completed with: n_estimators=30, max_depth=None, min_samples_split=10, min_samples_leaf=2, train_acc=0.9856, val_acc=0.8825, start_time=2025-01-05 11:23:55, end_time=2025-01-05 11:27:22, training_time=207.10s
2025-01-05 11:27:52,242 - INFO - Task 114/180 completed with: n_estimators=40, max_depth=3, min_samples_split=5, min_samples_leaf=4, train_acc=0.7769, val_acc=0.7275, start_time=2025-01-05 11:25:42, end_time=2025-01-05 11:27:52, training_time=129.31s
2025-01-05 11:27:54,402 - INFO - Task 115/180 completed with: n_estimators=40, max_depth=3, min_samples_split=10, min_samples_leaf=1, train_acc=0.7769, val_acc=0.7275, start_time=2025-01-05 11:25:45, end_time=2025-01-05 11:27:54, training_time=128.99s
2025-01-05 11:28:02,383 - INFO - Task 116/180 completed with: n_estimators=40, max_depth=3, min_samples_split=10, min_samples_leaf=2, train_acc=0.7769, val_acc=0.7275, start_time=2025-01-05 11:25:54, end_time=2025-01-05 11:28:02, training_time=127.92s
2025-01-05 11:28:03,846 - INFO - Task 117/180 completed with: n_estimators=40, max_depth=3, min_samples_split=10, min_samples_leaf=4, train_acc=0.7769, val_acc=0.7275, start_time=2025-01-05 11:25:55, end_time=2025-01-05 11:28:03, training_time=128.41s
2025-01-05 11:28:59,817 - INFO - Task 118/180 completed with: n_estimators=40, max_depth=5, min_samples_split=2, min_samples_leaf=1, train_acc=0.9125, val_acc=0.8250, start_time=2025-01-05 11:26:01, end_time=2025-01-05 11:28:59, training_time=178.01s
2025-01-05 11:29:03,021 - INFO - Task 119/180 completed with: n_estimators=40, max_depth=5, min_samples_split=2, min_samples_leaf=2, train_acc=0.9125, val_acc=0.8300, start_time=2025-01-05 11:26:08, end_time=2025-01-05 11:29:02, training_time=174.08s
2025-01-05 11:29:03,880 - INFO - Task 120/180 completed with: n_estimators=40, max_depth=5, min_samples_split=2, min_samples_leaf=4, train_acc=0.9125, val_acc=0.8300, start_time=2025-01-05 11:26:11, end_time=2025-01-05 11:29:03, training_time=172.55s
2025-01-05 11:29:05,503 - INFO - Task 121/180 completed with: n_estimators=40, max_depth=5, min_samples_split=5, min_samples_leaf=1, train_acc=0.9125, val_acc=0.8275, start_time=2025-01-05 11:26:13, end_time=2025-01-05 11:29:05, training_time=171.74s
2025-01-05 11:29:08,700 - INFO - Task 122/180 completed with: n_estimators=40, max_depth=5, min_samples_split=5, min_samples_leaf=2, train_acc=0.9125, val_acc=0.8300, start_time=2025-01-05 11:26:27, end_time=2025-01-05 11:29:08, training_time=161.10s
2025-01-05 11:29:10,003 - INFO - Task 123/180 completed with: n_estimators=40, max_depth=5, min_samples_split=5, min_samples_leaf=4, train_acc=0.9125, val_acc=0.8300, start_time=2025-01-05 11:26:30, end_time=2025-01-05 11:29:09, training_time=159.48s
2025-01-05 11:29:14,705 - INFO - Task 124/180 completed with: n_estimators=40, max_depth=5, min_samples_split=10, min_samples_leaf=1, train_acc=0.9119, val_acc=0.8275, start_time=2025-01-05 11:26:34, end_time=2025-01-05 11:29:14, training_time=160.44s
2025-01-05 11:29:18,742 - INFO - Task 125/180 completed with: n_estimators=40, max_depth=5, min_samples_split=10, min_samples_leaf=4, train_acc=0.9125, val_acc=0.8300, start_time=2025-01-05 11:26:39, end_time=2025-01-05 11:29:18, training_time=159.53s
2025-01-05 11:29:19,930 - INFO - Task 126/180 completed with: n_estimators=40, max_depth=5, min_samples_split=10, min_samples_leaf=2, train_acc=0.9125, val_acc=0.8300, start_time=2025-01-05 11:26:37, end_time=2025-01-05 11:29:19, training_time=161.95s
2025-01-05 11:30:04,943 - INFO - Task 127/180 completed with: n_estimators=40, max_depth=7, min_samples_split=2, min_samples_leaf=1, train_acc=0.9750, val_acc=0.8800, start_time=2025-01-05 11:26:45, end_time=2025-01-05 11:30:04, training_time=199.80s
2025-01-05 11:30:14,037 - INFO - Task 128/180 completed with: n_estimators=40, max_depth=7, min_samples_split=2, min_samples_leaf=4, train_acc=0.9587, val_acc=0.8800, start_time=2025-01-05 11:27:22, end_time=2025-01-05 11:30:13, training_time=171.08s
2025-01-05 11:30:15,032 - INFO - Task 129/180 completed with: n_estimators=40, max_depth=7, min_samples_split=2, min_samples_leaf=2, train_acc=0.9688, val_acc=0.8900, start_time=2025-01-05 11:27:16, end_time=2025-01-05 11:30:14, training_time=178.74s
2025-01-05 11:30:37,020 - INFO - Task 130/180 completed with: n_estimators=40, max_depth=7, min_samples_split=5, min_samples_leaf=1, train_acc=0.9731, val_acc=0.8825, start_time=2025-01-05 11:27:52, end_time=2025-01-05 11:30:36, training_time=164.63s
2025-01-05 11:30:37,728 - INFO - Task 131/180 completed with: n_estimators=40, max_depth=7, min_samples_split=5, min_samples_leaf=2, train_acc=0.9681, val_acc=0.8900, start_time=2025-01-05 11:27:54, end_time=2025-01-05 11:30:37, training_time=163.19s
2025-01-05 11:30:40,472 - INFO - Task 132/180 completed with: n_estimators=40, max_depth=7, min_samples_split=5, min_samples_leaf=4, train_acc=0.9587, val_acc=0.8800, start_time=2025-01-05 11:28:02, end_time=2025-01-05 11:30:40, training_time=157.97s
2025-01-05 11:30:49,203 - INFO - Task 133/180 completed with: n_estimators=40, max_depth=7, min_samples_split=10, min_samples_leaf=1, train_acc=0.9719, val_acc=0.8800, start_time=2025-01-05 11:28:03, end_time=2025-01-05 11:30:49, training_time=165.22s
2025-01-05 11:31:47,359 - INFO - Task 134/180 completed with: n_estimators=40, max_depth=7, min_samples_split=10, min_samples_leaf=4, train_acc=0.9587, val_acc=0.8800, start_time=2025-01-05 11:29:03, end_time=2025-01-05 11:31:47, training_time=164.23s
2025-01-05 11:31:50,323 - INFO - Task 135/180 completed with: n_estimators=40, max_depth=7, min_samples_split=10, min_samples_leaf=2, train_acc=0.9663, val_acc=0.8900, start_time=2025-01-05 11:28:59, end_time=2025-01-05 11:31:50, training_time=170.38s
2025-01-05 11:32:02,842 - INFO - Task 136/180 completed with: n_estimators=50, max_depth=3, min_samples_split=2, min_samples_leaf=1, train_acc=0.7762, val_acc=0.7275, start_time=2025-01-05 11:30:15, end_time=2025-01-05 11:32:02, training_time=107.71s
2025-01-05 11:32:03,799 - INFO - Task 137/180 completed with: n_estimators=40, max_depth=None, min_samples_split=2, min_samples_leaf=4, train_acc=0.9675, val_acc=0.8775, start_time=2025-01-05 11:29:08, end_time=2025-01-05 11:32:03, training_time=174.97s
2025-01-05 11:32:12,411 - INFO - Task 138/180 completed with: n_estimators=40, max_depth=None, min_samples_split=5, min_samples_leaf=4, train_acc=0.9675, val_acc=0.8775, start_time=2025-01-05 11:29:18, end_time=2025-01-05 11:32:12, training_time=173.55s
2025-01-05 11:32:16,075 - INFO - Task 139/180 completed with: n_estimators=40, max_depth=None, min_samples_split=2, min_samples_leaf=2, train_acc=0.9869, val_acc=0.8900, start_time=2025-01-05 11:29:05, end_time=2025-01-05 11:32:15, training_time=190.44s
2025-01-05 11:32:24,204 - INFO - Task 140/180 completed with: n_estimators=50, max_depth=3, min_samples_split=2, min_samples_leaf=2, train_acc=0.7762, val_acc=0.7275, start_time=2025-01-05 11:30:37, end_time=2025-01-05 11:32:24, training_time=107.08s
2025-01-05 11:32:24,866 - INFO - Task 141/180 completed with: n_estimators=50, max_depth=3, min_samples_split=2, min_samples_leaf=4, train_acc=0.7762, val_acc=0.7275, start_time=2025-01-05 11:30:37, end_time=2025-01-05 11:32:24, training_time=107.05s
2025-01-05 11:32:26,842 - INFO - Task 142/180 completed with: n_estimators=40, max_depth=None, min_samples_split=2, min_samples_leaf=1, train_acc=1.0000, val_acc=0.8750, start_time=2025-01-05 11:29:03, end_time=2025-01-05 11:32:26, training_time=202.82s
2025-01-05 11:32:27,607 - INFO - Task 143/180 completed with: n_estimators=40, max_depth=None, min_samples_split=5, min_samples_leaf=2, train_acc=0.9869, val_acc=0.8900, start_time=2025-01-05 11:29:14, end_time=2025-01-05 11:32:27, training_time=192.78s
2025-01-05 11:32:28,300 - INFO - Task 144/180 completed with: n_estimators=50, max_depth=3, min_samples_split=5, min_samples_leaf=1, train_acc=0.7762, val_acc=0.7275, start_time=2025-01-05 11:30:40, end_time=2025-01-05 11:32:28, training_time=107.73s
2025-01-05 11:32:32,579 - INFO - Task 145/180 completed with: n_estimators=40, max_depth=None, min_samples_split=5, min_samples_leaf=1, train_acc=0.9994, val_acc=0.8775, start_time=2025-01-05 11:29:10, end_time=2025-01-05 11:32:32, training_time=202.43s
2025-01-05 11:32:36,111 - INFO - Task 146/180 completed with: n_estimators=50, max_depth=3, min_samples_split=5, min_samples_leaf=2, train_acc=0.7762, val_acc=0.7275, start_time=2025-01-05 11:30:49, end_time=2025-01-05 11:32:36, training_time=106.80s
2025-01-05 11:32:38,688 - INFO - Task 147/180 completed with: n_estimators=40, max_depth=None, min_samples_split=10, min_samples_leaf=1, train_acc=0.9925, val_acc=0.8775, start_time=2025-01-05 11:29:19, end_time=2025-01-05 11:32:38, training_time=198.63s
2025-01-05 11:34:17,691 - INFO - Task 148/180 completed with: n_estimators=40, max_depth=None, min_samples_split=10, min_samples_leaf=4, train_acc=0.9656, val_acc=0.8775, start_time=2025-01-05 11:30:14, end_time=2025-01-05 11:34:17, training_time=243.29s
2025-01-05 11:34:43,258 - INFO - Task 149/180 completed with: n_estimators=40, max_depth=None, min_samples_split=10, min_samples_leaf=2, train_acc=0.9806, val_acc=0.8900, start_time=2025-01-05 11:30:04, end_time=2025-01-05 11:34:43, training_time=278.18s
2025-01-05 11:34:51,481 - INFO - Task 150/180 completed with: n_estimators=50, max_depth=3, min_samples_split=5, min_samples_leaf=4, train_acc=0.7762, val_acc=0.7275, start_time=2025-01-05 11:31:47, end_time=2025-01-05 11:34:51, training_time=184.03s
2025-01-05 11:34:55,073 - INFO - Task 151/180 completed with: n_estimators=50, max_depth=3, min_samples_split=10, min_samples_leaf=1, train_acc=0.7762, val_acc=0.7275, start_time=2025-01-05 11:31:50, end_time=2025-01-05 11:34:54, training_time=184.65s
2025-01-05 11:35:07,658 - INFO - Task 152/180 completed with: n_estimators=50, max_depth=3, min_samples_split=10, min_samples_leaf=2, train_acc=0.7762, val_acc=0.7275, start_time=2025-01-05 11:32:02, end_time=2025-01-05 11:35:07, training_time=184.72s
2025-01-05 11:35:07,881 - INFO - Task 153/180 completed with: n_estimators=50, max_depth=3, min_samples_split=10, min_samples_leaf=4, train_acc=0.7762, val_acc=0.7275, start_time=2025-01-05 11:32:03, end_time=2025-01-05 11:35:07, training_time=184.00s
2025-01-05 11:36:14,583 - INFO - Task 154/180 completed with: n_estimators=50, max_depth=5, min_samples_split=2, min_samples_leaf=1, train_acc=0.9137, val_acc=0.8350, start_time=2025-01-05 11:32:12, end_time=2025-01-05 11:36:14, training_time=242.04s
2025-01-05 11:36:18,793 - INFO - Task 155/180 completed with: n_estimators=50, max_depth=5, min_samples_split=2, min_samples_leaf=2, train_acc=0.9131, val_acc=0.8375, start_time=2025-01-05 11:32:16, end_time=2025-01-05 11:36:18, training_time=242.61s
2025-01-05 11:36:25,334 - INFO - Task 156/180 completed with: n_estimators=50, max_depth=5, min_samples_split=2, min_samples_leaf=4, train_acc=0.9119, val_acc=0.8325, start_time=2025-01-05 11:32:24, end_time=2025-01-05 11:36:25, training_time=241.01s
2025-01-05 11:36:26,871 - INFO - Task 157/180 completed with: n_estimators=50, max_depth=5, min_samples_split=5, min_samples_leaf=1, train_acc=0.9137, val_acc=0.8375, start_time=2025-01-05 11:32:24, end_time=2025-01-05 11:36:26, training_time=241.88s
2025-01-05 11:36:28,675 - INFO - Task 158/180 completed with: n_estimators=50, max_depth=5, min_samples_split=5, min_samples_leaf=4, train_acc=0.9119, val_acc=0.8325, start_time=2025-01-05 11:32:27, end_time=2025-01-05 11:36:28, training_time=240.95s
2025-01-05 11:36:28,782 - INFO - Task 159/180 completed with: n_estimators=50, max_depth=5, min_samples_split=5, min_samples_leaf=2, train_acc=0.9131, val_acc=0.8375, start_time=2025-01-05 11:32:26, end_time=2025-01-05 11:36:28, training_time=241.80s
2025-01-05 11:36:30,140 - INFO - Task 160/180 completed with: n_estimators=50, max_depth=5, min_samples_split=10, min_samples_leaf=1, train_acc=0.9137, val_acc=0.8375, start_time=2025-01-05 11:32:28, end_time=2025-01-05 11:36:30, training_time=241.71s
2025-01-05 11:36:33,784 - INFO - Task 161/180 completed with: n_estimators=50, max_depth=5, min_samples_split=10, min_samples_leaf=2, train_acc=0.9131, val_acc=0.8375, start_time=2025-01-05 11:32:32, end_time=2025-01-05 11:36:33, training_time=241.08s
2025-01-05 11:36:36,181 - INFO - Task 162/180 completed with: n_estimators=50, max_depth=5, min_samples_split=10, min_samples_leaf=4, train_acc=0.9119, val_acc=0.8325, start_time=2025-01-05 11:32:36, end_time=2025-01-05 11:36:36, training_time=239.95s
2025-01-05 11:37:51,783 - INFO - Task 163/180 completed with: n_estimators=50, max_depth=7, min_samples_split=2, min_samples_leaf=1, train_acc=0.9775, val_acc=0.8775, start_time=2025-01-05 11:32:38, end_time=2025-01-05 11:37:51, training_time=312.75s
2025-01-05 11:38:25,448 - INFO - Task 164/180 completed with: n_estimators=50, max_depth=7, min_samples_split=2, min_samples_leaf=4, train_acc=0.9600, val_acc=0.8850, start_time=2025-01-05 11:34:43, end_time=2025-01-05 11:38:25, training_time=222.07s
2025-01-05 11:38:27,626 - INFO - Task 165/180 completed with: n_estimators=50, max_depth=7, min_samples_split=2, min_samples_leaf=2, train_acc=0.9712, val_acc=0.8825, start_time=2025-01-05 11:34:17, end_time=2025-01-05 11:38:27, training_time=249.72s
2025-01-05 11:38:42,208 - INFO - Task 166/180 completed with: n_estimators=50, max_depth=7, min_samples_split=5, min_samples_leaf=1, train_acc=0.9750, val_acc=0.8725, start_time=2025-01-05 11:34:51, end_time=2025-01-05 11:38:42, training_time=230.56s
2025-01-05 11:38:42,714 - INFO - Task 167/180 completed with: n_estimators=50, max_depth=7, min_samples_split=5, min_samples_leaf=2, train_acc=0.9706, val_acc=0.8825, start_time=2025-01-05 11:34:55, end_time=2025-01-05 11:38:42, training_time=227.53s
2025-01-05 11:38:49,574 - INFO - Task 168/180 completed with: n_estimators=50, max_depth=7, min_samples_split=5, min_samples_leaf=4, train_acc=0.9600, val_acc=0.8850, start_time=2025-01-05 11:35:07, end_time=2025-01-05 11:38:49, training_time=221.79s
2025-01-05 11:38:57,220 - INFO - Task 169/180 completed with: n_estimators=50, max_depth=7, min_samples_split=10, min_samples_leaf=1, train_acc=0.9731, val_acc=0.8725, start_time=2025-01-05 11:35:07, end_time=2025-01-05 11:38:57, training_time=229.21s
2025-01-05 11:39:43,092 - INFO - Task 170/180 completed with: n_estimators=50, max_depth=7, min_samples_split=10, min_samples_leaf=4, train_acc=0.9600, val_acc=0.8850, start_time=2025-01-05 11:36:18, end_time=2025-01-05 11:39:43, training_time=204.21s
2025-01-05 11:39:47,579 - INFO - Task 171/180 completed with: n_estimators=50, max_depth=7, min_samples_split=10, min_samples_leaf=2, train_acc=0.9694, val_acc=0.8825, start_time=2025-01-05 11:36:14, end_time=2025-01-05 11:39:47, training_time=212.87s
2025-01-05 11:40:00,188 - INFO - Task 172/180 completed with: n_estimators=50, max_depth=None, min_samples_split=2, min_samples_leaf=4, train_acc=0.9675, val_acc=0.8800, start_time=2025-01-05 11:36:28, end_time=2025-01-05 11:40:00, training_time=211.39s
2025-01-05 11:40:03,509 - INFO - Task 173/180 completed with: n_estimators=50, max_depth=None, min_samples_split=5, min_samples_leaf=4, train_acc=0.9675, val_acc=0.8800, start_time=2025-01-05 11:36:33, end_time=2025-01-05 11:40:03, training_time=209.60s
2025-01-05 11:40:12,908 - INFO - Task 174/180 completed with: n_estimators=50, max_depth=None, min_samples_split=2, min_samples_leaf=2, train_acc=0.9906, val_acc=0.8875, start_time=2025-01-05 11:36:26, end_time=2025-01-05 11:40:12, training_time=225.94s
2025-01-05 11:40:15,464 - INFO - Task 175/180 completed with: n_estimators=50, max_depth=None, min_samples_split=5, min_samples_leaf=2, train_acc=0.9900, val_acc=0.8875, start_time=2025-01-05 11:36:30, end_time=2025-01-05 11:40:15, training_time=225.23s
2025-01-05 11:40:18,484 - INFO - Task 176/180 completed with: n_estimators=50, max_depth=None, min_samples_split=5, min_samples_leaf=1, train_acc=0.9988, val_acc=0.8825, start_time=2025-01-05 11:36:28, end_time=2025-01-05 11:40:18, training_time=229.61s
2025-01-05 11:40:19,493 - INFO - Task 177/180 completed with: n_estimators=50, max_depth=None, min_samples_split=2, min_samples_leaf=1, train_acc=1.0000, val_acc=0.8825, start_time=2025-01-05 11:36:25, end_time=2025-01-05 11:40:19, training_time=234.07s
2025-01-05 11:40:21,302 - INFO - Task 178/180 completed with: n_estimators=50, max_depth=None, min_samples_split=10, min_samples_leaf=1, train_acc=0.9950, val_acc=0.8775, start_time=2025-01-05 11:36:36, end_time=2025-01-05 11:40:21, training_time=224.99s
2025-01-05 11:41:31,430 - INFO - Task 179/180 completed with: n_estimators=50, max_depth=None, min_samples_split=10, min_samples_leaf=2, train_acc=0.9856, val_acc=0.8850, start_time=2025-01-05 11:37:51, end_time=2025-01-05 11:41:31, training_time=219.47s
2025-01-05 11:41:35,588 - INFO - Task 180/180 completed with: n_estimators=50, max_depth=None, min_samples_split=10, min_samples_leaf=4, train_acc=0.9669, val_acc=0.8800, start_time=2025-01-05 11:38:25, end_time=2025-01-05 11:41:35, training_time=189.94s
2025-01-05 11:42:19,557 - INFO - Hyperparameter tuning completed.
2025-01-05 11:42:19,558 - INFO - Best parameters: {'n_estimators': 20, 'max_depth': 7, 'min_samples_split': 2, 'min_samples_leaf': 2}, Best Validation Accuracy: 0.8950
